Compiling the CXX compiler identification source file "CMakeCXXCompilerId.cpp" failed.
Compiler:  
Build flags: 
Id flags:  

The output was:
1
MSBuild version 17.3.1+2badb37d1 for .NET Framework
Сборка начата 24.10.2022 16:00:18.
Проект "C:\Users\Pavel\CLionProjects\Matrix\CMakeFiles\3.22.1\CompilerIdCXX\CompilerIdCXX.vcxproj" в узле 1 (целевые объекты по умолчанию).
PrepareForBuild:
  Создание каталога "Debug\".
  Создание каталога "Debug\CompilerIdCXX.tlog\".
InitializeBuildStatus:
  Создание "Debug\CompilerIdCXX.tlog\unsuccessfulbuild", так как было задано "AlwaysCreate".
ClCompile:
  C:\Program Files\Microsoft Visual Studio\2022\Community\VC\Tools\MSVC\14.33.31629\bin\HostX64\x64\CL.exe /c /nologo /W0 /WX- /diagnostics:column /Od /D _MBCS /Gm- /EHsc /RTC1 /MDd /GS /fp:precise /Zc:wchar_t /Zc:forScope /Zc:inline /Fo"Debug\\" /Fd"Debug\vc143.pdb" /external:W0 /Gd /TP /FC /errorReport:queue CMakeCXXCompilerId.cpp
  CMakeCXXCompilerId.cpp
Link:
  C:\Program Files\Microsoft Visual Studio\2022\Community\VC\Tools\MSVC\14.33.31629\bin\HostX64\x64\link.exe /ERRORREPORT:QUEUE /OUT:".\CompilerIdCXX.exe" /INCREMENTAL:NO /NOLOGO kernel32.lib user32.lib gdi32.lib winspool.lib comdlg32.lib advapi32.lib shell32.lib ole32.lib oleaut32.lib uuid.lib odbc32.lib odbccp32.lib /MANIFEST /MANIFESTUAC:"level='asInvoker' uiAccess='false'" /manifest:embed /PDB:".\CompilerIdCXX.pdb" /SUBSYSTEM:CONSOLE /TLBID:1 /DYNAMICBASE /NXCOMPAT /IMPLIB:".\CompilerIdCXX.lib" /MACHINE:X64 Debug\CMakeCXXCompilerId.obj
LINK : fatal error LNK1104: не удается открыть файл "ucrtd.lib" [C:\Users\Pavel\CLionProjects\Matrix\CMakeFiles\3.22.1\CompilerIdCXX\CompilerIdCXX.vcxproj]
Сборка проекта "C:\Users\Pavel\CLionProjects\Matrix\CMakeFiles\3.22.1\CompilerIdCXX\CompilerIdCXX.vcxproj" завершена (целевые объекты по умолчанию) с ошибкой.

Ошибка сборки.

"C:\Users\Pavel\CLionProjects\Matrix\CMakeFiles\3.22.1\CompilerIdCXX\CompilerIdCXX.vcxproj" (целевой объект по умолчанию) (1) ->
(Целевой объект Link) -> 
  LINK : fatal error LNK1104: не удается открыть файл "ucrtd.lib" [C:\Users\Pavel\CLionProjects\Matrix\CMakeFiles\3.22.1\CompilerIdCXX\CompilerIdCXX.vcxproj]

    Предупреждений: 0
    Ошибок: 1

Прошло времени 00:00:01.01


Compiling the CXX compiler identification source file "CMakeCXXCompilerId.cpp" failed.
Compiler:  
Build flags: 
Id flags:  

The output was:
1
MSBuild version 17.3.1+2badb37d1 for .NET Framework
Сборка начата 24.10.2022 16:00:20.
Проект "C:\Users\Pavel\CLionProjects\Matrix\CMakeFiles\3.22.1\CompilerIdCXX\CompilerIdCXX.vcxproj" в узле 1 (целевые объекты по умолчанию).
PrepareForBuild:
  Создание каталога "Debug\".
  Создание каталога "Debug\CompilerIdCXX.tlog\".
InitializeBuildStatus:
  Создание "Debug\CompilerIdCXX.tlog\unsuccessfulbuild", так как было задано "AlwaysCreate".
ClCompile:
  C:\Program Files\Microsoft Visual Studio\2022\Community\VC\Tools\MSVC\14.33.31629\bin\HostX64\x64\CL.exe /c /nologo /W0 /WX- /diagnostics:column /Od /D _MBCS /Gm- /EHsc /RTC1 /MDd /GS /fp:precise /Zc:wchar_t /Zc:forScope /Zc:inline /Fo"Debug\\" /Fd"Debug\vc143.pdb" /external:W0 /Gd /TP /FC /errorReport:queue CMakeCXXCompilerId.cpp
  CMakeCXXCompilerId.cpp
Link:
  C:\Program Files\Microsoft Visual Studio\2022\Community\VC\Tools\MSVC\14.33.31629\bin\HostX64\x64\link.exe /ERRORREPORT:QUEUE /OUT:".\CompilerIdCXX.exe" /INCREMENTAL:NO /NOLOGO kernel32.lib user32.lib gdi32.lib winspool.lib comdlg32.lib advapi32.lib shell32.lib ole32.lib oleaut32.lib uuid.lib odbc32.lib odbccp32.lib /MANIFEST /MANIFESTUAC:"level='asInvoker' uiAccess='false'" /manifest:embed /PDB:".\CompilerIdCXX.pdb" /SUBSYSTEM:CONSOLE /TLBID:1 /DYNAMICBASE /NXCOMPAT /IMPLIB:".\CompilerIdCXX.lib" /MACHINE:X64 Debug\CMakeCXXCompilerId.obj
LINK : fatal error LNK1104: не удается открыть файл "ucrtd.lib" [C:\Users\Pavel\CLionProjects\Matrix\CMakeFiles\3.22.1\CompilerIdCXX\CompilerIdCXX.vcxproj]
Сборка проекта "C:\Users\Pavel\CLionProjects\Matrix\CMakeFiles\3.22.1\CompilerIdCXX\CompilerIdCXX.vcxproj" завершена (целевые объекты по умолчанию) с ошибкой.

Ошибка сборки.

"C:\Users\Pavel\CLionProjects\Matrix\CMakeFiles\3.22.1\CompilerIdCXX\CompilerIdCXX.vcxproj" (целевой объект по умолчанию) (1) ->
(Целевой объект Link) -> 
  LINK : fatal error LNK1104: не удается открыть файл "ucrtd.lib" [C:\Users\Pavel\CLionProjects\Matrix\CMakeFiles\3.22.1\CompilerIdCXX\CompilerIdCXX.vcxproj]

    Предупреждений: 0
    Ошибок: 1

Прошло времени 00:00:00.59


Determining if the pthread_create exist failed with the following output:
Change Dir: /mnt/c/Users/Pavel/CLionProjects/Matrix/CMakeFiles/CMakeTmp

Run Build Command:"/usr/bin/make" "cmTC_6fc56/fast"
/usr/bin/make -f CMakeFiles/cmTC_6fc56.dir/build.make CMakeFiles/cmTC_6fc56.dir/build
make[1]: Entering directory '/mnt/c/Users/Pavel/CLionProjects/Matrix/CMakeFiles/CMakeTmp'
Building C object CMakeFiles/cmTC_6fc56.dir/CheckSymbolExists.c.o
/usr/bin/cc    -o CMakeFiles/cmTC_6fc56.dir/CheckSymbolExists.c.o   -c /mnt/c/Users/Pavel/CLionProjects/Matrix/CMakeFiles/CMakeTmp/CheckSymbolExists.c
Linking C executable cmTC_6fc56
/usr/bin/cmake -E cmake_link_script CMakeFiles/cmTC_6fc56.dir/link.txt --verbose=1
/usr/bin/cc      CMakeFiles/cmTC_6fc56.dir/CheckSymbolExists.c.o  -o cmTC_6fc56 
CMakeFiles/cmTC_6fc56.dir/CheckSymbolExists.c.o: In function `main':
CheckSymbolExists.c:(.text+0x1b): undefined reference to `pthread_create'
collect2: error: ld returned 1 exit status
CMakeFiles/cmTC_6fc56.dir/build.make:97: recipe for target 'cmTC_6fc56' failed
make[1]: *** [cmTC_6fc56] Error 1
make[1]: Leaving directory '/mnt/c/Users/Pavel/CLionProjects/Matrix/CMakeFiles/CMakeTmp'
Makefile:126: recipe for target 'cmTC_6fc56/fast' failed
make: *** [cmTC_6fc56/fast] Error 2

File /mnt/c/Users/Pavel/CLionProjects/Matrix/CMakeFiles/CMakeTmp/CheckSymbolExists.c:
/* */
#include <pthread.h>

int main(int argc, char** argv)
{
  (void)argv;
#ifndef pthread_create
  return ((int*)(&pthread_create))[argc];
#else
  (void)argc;
  return 0;
#endif
}

Determining if the function pthread_create exists in the pthreads failed with the following output:
Change Dir: /mnt/c/Users/Pavel/CLionProjects/Matrix/CMakeFiles/CMakeTmp

Run Build Command:"/usr/bin/make" "cmTC_d1934/fast"
/usr/bin/make -f CMakeFiles/cmTC_d1934.dir/build.make CMakeFiles/cmTC_d1934.dir/build
make[1]: Entering directory '/mnt/c/Users/Pavel/CLionProjects/Matrix/CMakeFiles/CMakeTmp'
Building C object CMakeFiles/cmTC_d1934.dir/CheckFunctionExists.c.o
/usr/bin/cc   -DCHECK_FUNCTION_EXISTS=pthread_create   -o CMakeFiles/cmTC_d1934.dir/CheckFunctionExists.c.o   -c /usr/share/cmake-3.10/Modules/CheckFunctionExists.c
Linking C executable cmTC_d1934
/usr/bin/cmake -E cmake_link_script CMakeFiles/cmTC_d1934.dir/link.txt --verbose=1
/usr/bin/cc  -DCHECK_FUNCTION_EXISTS=pthread_create    CMakeFiles/cmTC_d1934.dir/CheckFunctionExists.c.o  -o cmTC_d1934 -lpthreads 
/usr/bin/ld: cannot find -lpthreads
collect2: error: ld returned 1 exit status
CMakeFiles/cmTC_d1934.dir/build.make:97: recipe for target 'cmTC_d1934' failed
make[1]: *** [cmTC_d1934] Error 1
make[1]: Leaving directory '/mnt/c/Users/Pavel/CLionProjects/Matrix/CMakeFiles/CMakeTmp'
Makefile:126: recipe for target 'cmTC_d1934/fast' failed
make: *** [cmTC_d1934/fast] Error 2


